{"timestamp":"2026-03-25T22:18:04.231811","level":"info","event":"DAG bundles loaded: dags-folder","logger":"airflow.dag_processing.bundles.manager.DagBundlesManager"}
{"timestamp":"2026-03-25T22:18:04.232200","level":"info","event":"Filling up the DagBag from /opt/airflow/dags/ingestion_pipeline.py","logger":"airflow.models.dagbag.DagBag"}
{"timestamp":"2026-03-25T22:18:04.556032","level":"info","event":"Skipping registering function get_context because it does not have a class","logger":"great_expectations._docs_decorators"}
{"timestamp":"2026-03-25T22:18:05.429371","level":"info","event":"Skipping registering function DataSourceManager._register_add_datasource.<locals>.crud_method_info because it is a closure","logger":"great_expectations._docs_decorators"}
{"timestamp":"2026-03-25T22:18:05.429785","level":"info","event":"Skipping registering function DataSourceManager._register_update_datasource.<locals>.crud_method_info because it is a closure","logger":"great_expectations._docs_decorators"}
{"timestamp":"2026-03-25T22:18:05.429825","level":"info","event":"Skipping registering function DataSourceManager._register_add_or_update_datasource.<locals>.crud_method_info because it is a closure","logger":"great_expectations._docs_decorators"}
{"timestamp":"2026-03-25T22:18:05.430094","level":"info","event":"Skipping registering function DataSourceManager._register_delete_datasource.<locals>.crud_method_info because it is a closure","logger":"great_expectations._docs_decorators"}
{"timestamp":"2026-03-25T22:18:05.431798","level":"info","event":"Skipping registering function DataSourceManager._register_add_datasource.<locals>.crud_method_info because it is a closure","logger":"great_expectations._docs_decorators"}
{"timestamp":"2026-03-25T22:18:05.431951","level":"info","event":"Skipping registering function DataSourceManager._register_update_datasource.<locals>.crud_method_info because it is a closure","logger":"great_expectations._docs_decorators"}
{"timestamp":"2026-03-25T22:18:05.432029","level":"info","event":"Skipping registering function DataSourceManager._register_add_or_update_datasource.<locals>.crud_method_info because it is a closure","logger":"great_expectations._docs_decorators"}
{"timestamp":"2026-03-25T22:18:05.432123","level":"info","event":"Skipping registering function DataSourceManager._register_delete_datasource.<locals>.crud_method_info because it is a closure","logger":"great_expectations._docs_decorators"}
{"timestamp":"2026-03-25T22:18:05.433661","level":"info","event":"Skipping registering function DataSourceManager._register_add_datasource.<locals>.crud_method_info because it is a closure","logger":"great_expectations._docs_decorators"}
{"timestamp":"2026-03-25T22:18:05.433823","level":"info","event":"Skipping registering function DataSourceManager._register_update_datasource.<locals>.crud_method_info because it is a closure","logger":"great_expectations._docs_decorators"}
{"timestamp":"2026-03-25T22:18:05.433916","level":"info","event":"Skipping registering function DataSourceManager._register_add_or_update_datasource.<locals>.crud_method_info because it is a closure","logger":"great_expectations._docs_decorators"}
{"timestamp":"2026-03-25T22:18:05.434028","level":"info","event":"Skipping registering function DataSourceManager._register_delete_datasource.<locals>.crud_method_info because it is a closure","logger":"great_expectations._docs_decorators"}
{"timestamp":"2026-03-25T22:18:05.435565","level":"info","event":"Skipping registering function DataSourceManager._register_add_datasource.<locals>.crud_method_info because it is a closure","logger":"great_expectations._docs_decorators"}
{"timestamp":"2026-03-25T22:18:05.435665","level":"info","event":"Skipping registering function DataSourceManager._register_update_datasource.<locals>.crud_method_info because it is a closure","logger":"great_expectations._docs_decorators"}
{"timestamp":"2026-03-25T22:18:05.435764","level":"info","event":"Skipping registering function DataSourceManager._register_add_or_update_datasource.<locals>.crud_method_info because it is a closure","logger":"great_expectations._docs_decorators"}
{"timestamp":"2026-03-25T22:18:05.435857","level":"info","event":"Skipping registering function DataSourceManager._register_delete_datasource.<locals>.crud_method_info because it is a closure","logger":"great_expectations._docs_decorators"}
{"timestamp":"2026-03-25T22:18:05.437366","level":"info","event":"Skipping registering function DataSourceManager._register_add_datasource.<locals>.crud_method_info because it is a closure","logger":"great_expectations._docs_decorators"}
{"timestamp":"2026-03-25T22:18:05.437401","level":"info","event":"Skipping registering function DataSourceManager._register_update_datasource.<locals>.crud_method_info because it is a closure","logger":"great_expectations._docs_decorators"}
{"timestamp":"2026-03-25T22:18:05.437426","level":"info","event":"Skipping registering function DataSourceManager._register_add_or_update_datasource.<locals>.crud_method_info because it is a closure","logger":"great_expectations._docs_decorators"}
{"timestamp":"2026-03-25T22:18:05.437448","level":"info","event":"Skipping registering function DataSourceManager._register_delete_datasource.<locals>.crud_method_info because it is a closure","logger":"great_expectations._docs_decorators"}
{"timestamp":"2026-03-25T22:18:05.473145","level":"info","event":"Skipping registering function DataSourceManager._register_add_datasource.<locals>.crud_method_info because it is a closure","logger":"great_expectations._docs_decorators"}
{"timestamp":"2026-03-25T22:18:05.473286","level":"info","event":"Skipping registering function DataSourceManager._register_update_datasource.<locals>.crud_method_info because it is a closure","logger":"great_expectations._docs_decorators"}
{"timestamp":"2026-03-25T22:18:05.473401","level":"info","event":"Skipping registering function DataSourceManager._register_add_or_update_datasource.<locals>.crud_method_info because it is a closure","logger":"great_expectations._docs_decorators"}
{"timestamp":"2026-03-25T22:18:05.473501","level":"info","event":"Skipping registering function DataSourceManager._register_delete_datasource.<locals>.crud_method_info because it is a closure","logger":"great_expectations._docs_decorators"}
{"timestamp":"2026-03-25T22:18:05.501150","level":"info","event":"Skipping registering function DataSourceManager._bind_asset_factory_method_if_not_present.<locals>._add_asset_factory because it is a closure","logger":"great_expectations._docs_decorators"}
{"timestamp":"2026-03-25T22:18:05.501350","level":"info","event":"Skipping registering function DataSourceManager._bind_asset_factory_method_if_not_present.<locals>._add_asset_factory because it is a closure","logger":"great_expectations._docs_decorators"}
{"timestamp":"2026-03-25T22:18:05.501488","level":"info","event":"Skipping registering function DataSourceManager._bind_asset_factory_method_if_not_present.<locals>._add_asset_factory because it is a closure","logger":"great_expectations._docs_decorators"}
{"timestamp":"2026-03-25T22:18:05.501604","level":"info","event":"Skipping registering function DataSourceManager._bind_asset_factory_method_if_not_present.<locals>._add_asset_factory because it is a closure","logger":"great_expectations._docs_decorators"}
{"timestamp":"2026-03-25T22:18:05.501720","level":"info","event":"Skipping registering function DataSourceManager._bind_asset_factory_method_if_not_present.<locals>._add_asset_factory because it is a closure","logger":"great_expectations._docs_decorators"}
{"timestamp":"2026-03-25T22:18:05.501936","level":"info","event":"Skipping registering function DataSourceManager._bind_asset_factory_method_if_not_present.<locals>._add_asset_factory because it is a closure","logger":"great_expectations._docs_decorators"}
{"timestamp":"2026-03-25T22:18:05.502165","level":"info","event":"Skipping registering function DataSourceManager._bind_asset_factory_method_if_not_present.<locals>._add_asset_factory because it is a closure","logger":"great_expectations._docs_decorators"}
{"timestamp":"2026-03-25T22:18:05.502391","level":"info","event":"Skipping registering function DataSourceManager._bind_asset_factory_method_if_not_present.<locals>._add_asset_factory because it is a closure","logger":"great_expectations._docs_decorators"}
{"timestamp":"2026-03-25T22:18:05.502646","level":"info","event":"Skipping registering function DataSourceManager._bind_asset_factory_method_if_not_present.<locals>._add_asset_factory because it is a closure","logger":"great_expectations._docs_decorators"}
{"timestamp":"2026-03-25T22:18:05.502865","level":"info","event":"Skipping registering function DataSourceManager._bind_asset_factory_method_if_not_present.<locals>._add_asset_factory because it is a closure","logger":"great_expectations._docs_decorators"}
{"timestamp":"2026-03-25T22:18:05.503022","level":"info","event":"Skipping registering function DataSourceManager._bind_asset_factory_method_if_not_present.<locals>._add_asset_factory because it is a closure","logger":"great_expectations._docs_decorators"}
{"timestamp":"2026-03-25T22:18:05.503093","level":"info","event":"Skipping registering function DataSourceManager._bind_asset_factory_method_if_not_present.<locals>._add_asset_factory because it is a closure","logger":"great_expectations._docs_decorators"}
{"timestamp":"2026-03-25T22:18:05.503165","level":"info","event":"Skipping registering function DataSourceManager._bind_asset_factory_method_if_not_present.<locals>._add_asset_factory because it is a closure","logger":"great_expectations._docs_decorators"}
{"timestamp":"2026-03-25T22:18:05.503250","level":"info","event":"Skipping registering function DataSourceManager._bind_asset_factory_method_if_not_present.<locals>._add_asset_factory because it is a closure","logger":"great_expectations._docs_decorators"}
{"timestamp":"2026-03-25T22:18:05.503295","level":"info","event":"Skipping registering function DataSourceManager._register_add_datasource.<locals>.crud_method_info because it is a closure","logger":"great_expectations._docs_decorators"}
{"timestamp":"2026-03-25T22:18:05.503340","level":"info","event":"Skipping registering function DataSourceManager._register_update_datasource.<locals>.crud_method_info because it is a closure","logger":"great_expectations._docs_decorators"}
{"timestamp":"2026-03-25T22:18:05.503372","level":"info","event":"Skipping registering function DataSourceManager._register_add_or_update_datasource.<locals>.crud_method_info because it is a closure","logger":"great_expectations._docs_decorators"}
{"timestamp":"2026-03-25T22:18:05.503393","level":"info","event":"Skipping registering function DataSourceManager._register_delete_datasource.<locals>.crud_method_info because it is a closure","logger":"great_expectations._docs_decorators"}
{"timestamp":"2026-03-25T22:18:05.504658","level":"info","event":"Skipping registering function DataSourceManager._register_add_datasource.<locals>.crud_method_info because it is a closure","logger":"great_expectations._docs_decorators"}
{"timestamp":"2026-03-25T22:18:05.504718","level":"info","event":"Skipping registering function DataSourceManager._register_update_datasource.<locals>.crud_method_info because it is a closure","logger":"great_expectations._docs_decorators"}
{"timestamp":"2026-03-25T22:18:05.504752","level":"info","event":"Skipping registering function DataSourceManager._register_add_or_update_datasource.<locals>.crud_method_info because it is a closure","logger":"great_expectations._docs_decorators"}
{"timestamp":"2026-03-25T22:18:05.504777","level":"info","event":"Skipping registering function DataSourceManager._register_delete_datasource.<locals>.crud_method_info because it is a closure","logger":"great_expectations._docs_decorators"}
{"timestamp":"2026-03-25T22:18:05.506867","level":"info","event":"Skipping registering function DataSourceManager._bind_asset_factory_method_if_not_present.<locals>._add_asset_factory because it is a closure","logger":"great_expectations._docs_decorators"}
{"timestamp":"2026-03-25T22:18:05.507020","level":"info","event":"Skipping registering function DataSourceManager._bind_asset_factory_method_if_not_present.<locals>._add_asset_factory because it is a closure","logger":"great_expectations._docs_decorators"}
{"timestamp":"2026-03-25T22:18:05.507139","level":"info","event":"Skipping registering function DataSourceManager._bind_asset_factory_method_if_not_present.<locals>._add_asset_factory because it is a closure","logger":"great_expectations._docs_decorators"}
{"timestamp":"2026-03-25T22:18:05.507321","level":"info","event":"Skipping registering function DataSourceManager._bind_asset_factory_method_if_not_present.<locals>._add_asset_factory because it is a closure","logger":"great_expectations._docs_decorators"}
{"timestamp":"2026-03-25T22:18:05.507514","level":"info","event":"Skipping registering function DataSourceManager._bind_asset_factory_method_if_not_present.<locals>._add_asset_factory because it is a closure","logger":"great_expectations._docs_decorators"}
{"timestamp":"2026-03-25T22:18:05.507676","level":"info","event":"Skipping registering function DataSourceManager._bind_asset_factory_method_if_not_present.<locals>._add_asset_factory because it is a closure","logger":"great_expectations._docs_decorators"}
{"timestamp":"2026-03-25T22:18:05.507806","level":"info","event":"Skipping registering function DataSourceManager._bind_asset_factory_method_if_not_present.<locals>._add_asset_factory because it is a closure","logger":"great_expectations._docs_decorators"}
{"timestamp":"2026-03-25T22:18:05.507938","level":"info","event":"Skipping registering function DataSourceManager._bind_asset_factory_method_if_not_present.<locals>._add_asset_factory because it is a closure","logger":"great_expectations._docs_decorators"}
{"timestamp":"2026-03-25T22:18:05.508090","level":"info","event":"Skipping registering function DataSourceManager._bind_asset_factory_method_if_not_present.<locals>._add_asset_factory because it is a closure","logger":"great_expectations._docs_decorators"}
{"timestamp":"2026-03-25T22:18:05.508215","level":"info","event":"Skipping registering function DataSourceManager._bind_asset_factory_method_if_not_present.<locals>._add_asset_factory because it is a closure","logger":"great_expectations._docs_decorators"}
{"timestamp":"2026-03-25T22:18:05.508359","level":"info","event":"Skipping registering function DataSourceManager._bind_asset_factory_method_if_not_present.<locals>._add_asset_factory because it is a closure","logger":"great_expectations._docs_decorators"}
{"timestamp":"2026-03-25T22:18:05.508477","level":"info","event":"Skipping registering function DataSourceManager._bind_asset_factory_method_if_not_present.<locals>._add_asset_factory because it is a closure","logger":"great_expectations._docs_decorators"}
{"timestamp":"2026-03-25T22:18:05.508601","level":"info","event":"Skipping registering function DataSourceManager._bind_asset_factory_method_if_not_present.<locals>._add_asset_factory because it is a closure","logger":"great_expectations._docs_decorators"}
{"timestamp":"2026-03-25T22:18:05.508741","level":"info","event":"Skipping registering function DataSourceManager._bind_asset_factory_method_if_not_present.<locals>._add_asset_factory because it is a closure","logger":"great_expectations._docs_decorators"}
{"timestamp":"2026-03-25T22:18:05.508819","level":"info","event":"Skipping registering function DataSourceManager._register_add_datasource.<locals>.crud_method_info because it is a closure","logger":"great_expectations._docs_decorators"}
{"timestamp":"2026-03-25T22:18:05.508917","level":"info","event":"Skipping registering function DataSourceManager._register_update_datasource.<locals>.crud_method_info because it is a closure","logger":"great_expectations._docs_decorators"}
{"timestamp":"2026-03-25T22:18:05.509000","level":"info","event":"Skipping registering function DataSourceManager._register_add_or_update_datasource.<locals>.crud_method_info because it is a closure","logger":"great_expectations._docs_decorators"}
{"timestamp":"2026-03-25T22:18:05.509080","level":"info","event":"Skipping registering function DataSourceManager._register_delete_datasource.<locals>.crud_method_info because it is a closure","logger":"great_expectations._docs_decorators"}
{"timestamp":"2026-03-25T22:18:05.510475","level":"info","event":"Skipping registering function DataSourceManager._bind_asset_factory_method_if_not_present.<locals>._add_asset_factory because it is a closure","logger":"great_expectations._docs_decorators"}
{"timestamp":"2026-03-25T22:18:05.510626","level":"info","event":"Skipping registering function DataSourceManager._bind_asset_factory_method_if_not_present.<locals>._add_asset_factory because it is a closure","logger":"great_expectations._docs_decorators"}
{"timestamp":"2026-03-25T22:18:05.510754","level":"info","event":"Skipping registering function DataSourceManager._bind_asset_factory_method_if_not_present.<locals>._add_asset_factory because it is a closure","logger":"great_expectations._docs_decorators"}
{"timestamp":"2026-03-25T22:18:05.510875","level":"info","event":"Skipping registering function DataSourceManager._bind_asset_factory_method_if_not_present.<locals>._add_asset_factory because it is a closure","logger":"great_expectations._docs_decorators"}
{"timestamp":"2026-03-25T22:18:05.511002","level":"info","event":"Skipping registering function DataSourceManager._bind_asset_factory_method_if_not_present.<locals>._add_asset_factory because it is a closure","logger":"great_expectations._docs_decorators"}
{"timestamp":"2026-03-25T22:18:05.511123","level":"info","event":"Skipping registering function DataSourceManager._bind_asset_factory_method_if_not_present.<locals>._add_asset_factory because it is a closure","logger":"great_expectations._docs_decorators"}
{"timestamp":"2026-03-25T22:18:05.511230","level":"info","event":"Skipping registering function DataSourceManager._bind_asset_factory_method_if_not_present.<locals>._add_asset_factory because it is a closure","logger":"great_expectations._docs_decorators"}
{"timestamp":"2026-03-25T22:18:05.511334","level":"info","event":"Skipping registering function DataSourceManager._bind_asset_factory_method_if_not_present.<locals>._add_asset_factory because it is a closure","logger":"great_expectations._docs_decorators"}
{"timestamp":"2026-03-25T22:18:05.511424","level":"info","event":"Skipping registering function DataSourceManager._bind_asset_factory_method_if_not_present.<locals>._add_asset_factory because it is a closure","logger":"great_expectations._docs_decorators"}
{"timestamp":"2026-03-25T22:18:05.511632","level":"info","event":"Skipping registering function DataSourceManager._bind_asset_factory_method_if_not_present.<locals>._add_asset_factory because it is a closure","logger":"great_expectations._docs_decorators"}
{"timestamp":"2026-03-25T22:18:05.511745","level":"info","event":"Skipping registering function DataSourceManager._bind_asset_factory_method_if_not_present.<locals>._add_asset_factory because it is a closure","logger":"great_expectations._docs_decorators"}
{"timestamp":"2026-03-25T22:18:05.511865","level":"info","event":"Skipping registering function DataSourceManager._bind_asset_factory_method_if_not_present.<locals>._add_asset_factory because it is a closure","logger":"great_expectations._docs_decorators"}
{"timestamp":"2026-03-25T22:18:05.511981","level":"info","event":"Skipping registering function DataSourceManager._bind_asset_factory_method_if_not_present.<locals>._add_asset_factory because it is a closure","logger":"great_expectations._docs_decorators"}
{"timestamp":"2026-03-25T22:18:05.512144","level":"info","event":"Skipping registering function DataSourceManager._bind_asset_factory_method_if_not_present.<locals>._add_asset_factory because it is a closure","logger":"great_expectations._docs_decorators"}
{"timestamp":"2026-03-25T22:18:05.512215","level":"info","event":"Skipping registering function DataSourceManager._register_add_datasource.<locals>.crud_method_info because it is a closure","logger":"great_expectations._docs_decorators"}
{"timestamp":"2026-03-25T22:18:05.512299","level":"info","event":"Skipping registering function DataSourceManager._register_update_datasource.<locals>.crud_method_info because it is a closure","logger":"great_expectations._docs_decorators"}
{"timestamp":"2026-03-25T22:18:05.512378","level":"info","event":"Skipping registering function DataSourceManager._register_add_or_update_datasource.<locals>.crud_method_info because it is a closure","logger":"great_expectations._docs_decorators"}
{"timestamp":"2026-03-25T22:18:05.512440","level":"info","event":"Skipping registering function DataSourceManager._register_delete_datasource.<locals>.crud_method_info because it is a closure","logger":"great_expectations._docs_decorators"}
{"timestamp":"2026-03-25T22:18:05.513819","level":"info","event":"Skipping registering function DataSourceManager._bind_asset_factory_method_if_not_present.<locals>._add_asset_factory because it is a closure","logger":"great_expectations._docs_decorators"}
{"timestamp":"2026-03-25T22:18:05.513893","level":"info","event":"Skipping registering function DataSourceManager._bind_asset_factory_method_if_not_present.<locals>._add_asset_factory because it is a closure","logger":"great_expectations._docs_decorators"}
{"timestamp":"2026-03-25T22:18:05.513934","level":"info","event":"Skipping registering function DataSourceManager._bind_asset_factory_method_if_not_present.<locals>._add_asset_factory because it is a closure","logger":"great_expectations._docs_decorators"}
{"timestamp":"2026-03-25T22:18:05.513973","level":"info","event":"Skipping registering function DataSourceManager._bind_asset_factory_method_if_not_present.<locals>._add_asset_factory because it is a closure","logger":"great_expectations._docs_decorators"}
{"timestamp":"2026-03-25T22:18:05.514012","level":"info","event":"Skipping registering function DataSourceManager._bind_asset_factory_method_if_not_present.<locals>._add_asset_factory because it is a closure","logger":"great_expectations._docs_decorators"}
{"timestamp":"2026-03-25T22:18:05.514054","level":"info","event":"Skipping registering function DataSourceManager._bind_asset_factory_method_if_not_present.<locals>._add_asset_factory because it is a closure","logger":"great_expectations._docs_decorators"}
{"timestamp":"2026-03-25T22:18:05.514093","level":"info","event":"Skipping registering function DataSourceManager._bind_asset_factory_method_if_not_present.<locals>._add_asset_factory because it is a closure","logger":"great_expectations._docs_decorators"}
{"timestamp":"2026-03-25T22:18:05.514130","level":"info","event":"Skipping registering function DataSourceManager._bind_asset_factory_method_if_not_present.<locals>._add_asset_factory because it is a closure","logger":"great_expectations._docs_decorators"}
{"timestamp":"2026-03-25T22:18:05.514165","level":"info","event":"Skipping registering function DataSourceManager._bind_asset_factory_method_if_not_present.<locals>._add_asset_factory because it is a closure","logger":"great_expectations._docs_decorators"}
{"timestamp":"2026-03-25T22:18:05.514222","level":"info","event":"Skipping registering function DataSourceManager._bind_asset_factory_method_if_not_present.<locals>._add_asset_factory because it is a closure","logger":"great_expectations._docs_decorators"}
{"timestamp":"2026-03-25T22:18:05.514276","level":"info","event":"Skipping registering function DataSourceManager._bind_asset_factory_method_if_not_present.<locals>._add_asset_factory because it is a closure","logger":"great_expectations._docs_decorators"}
{"timestamp":"2026-03-25T22:18:05.514317","level":"info","event":"Skipping registering function DataSourceManager._bind_asset_factory_method_if_not_present.<locals>._add_asset_factory because it is a closure","logger":"great_expectations._docs_decorators"}
{"timestamp":"2026-03-25T22:18:05.514353","level":"info","event":"Skipping registering function DataSourceManager._bind_asset_factory_method_if_not_present.<locals>._add_asset_factory because it is a closure","logger":"great_expectations._docs_decorators"}
{"timestamp":"2026-03-25T22:18:05.514389","level":"info","event":"Skipping registering function DataSourceManager._bind_asset_factory_method_if_not_present.<locals>._add_asset_factory because it is a closure","logger":"great_expectations._docs_decorators"}
{"timestamp":"2026-03-25T22:18:05.514412","level":"info","event":"Skipping registering function DataSourceManager._register_add_datasource.<locals>.crud_method_info because it is a closure","logger":"great_expectations._docs_decorators"}
{"timestamp":"2026-03-25T22:18:05.514433","level":"info","event":"Skipping registering function DataSourceManager._register_update_datasource.<locals>.crud_method_info because it is a closure","logger":"great_expectations._docs_decorators"}
{"timestamp":"2026-03-25T22:18:05.514452","level":"info","event":"Skipping registering function DataSourceManager._register_add_or_update_datasource.<locals>.crud_method_info because it is a closure","logger":"great_expectations._docs_decorators"}
{"timestamp":"2026-03-25T22:18:05.514472","level":"info","event":"Skipping registering function DataSourceManager._register_delete_datasource.<locals>.crud_method_info because it is a closure","logger":"great_expectations._docs_decorators"}
{"timestamp":"2026-03-25T22:18:05.520394","level":"info","event":"Skipping registering function DataSourceManager._register_add_datasource.<locals>.crud_method_info because it is a closure","logger":"great_expectations._docs_decorators"}
{"timestamp":"2026-03-25T22:18:05.520540","level":"info","event":"Skipping registering function DataSourceManager._register_update_datasource.<locals>.crud_method_info because it is a closure","logger":"great_expectations._docs_decorators"}
{"timestamp":"2026-03-25T22:18:05.520646","level":"info","event":"Skipping registering function DataSourceManager._register_add_or_update_datasource.<locals>.crud_method_info because it is a closure","logger":"great_expectations._docs_decorators"}
{"timestamp":"2026-03-25T22:18:05.520756","level":"info","event":"Skipping registering function DataSourceManager._register_delete_datasource.<locals>.crud_method_info because it is a closure","logger":"great_expectations._docs_decorators"}
{"timestamp":"2026-03-25T22:18:05.525443","level":"info","event":"Skipping registering function DataSourceManager._register_add_datasource.<locals>.crud_method_info because it is a closure","logger":"great_expectations._docs_decorators"}
{"timestamp":"2026-03-25T22:18:05.525550","level":"info","event":"Skipping registering function DataSourceManager._register_update_datasource.<locals>.crud_method_info because it is a closure","logger":"great_expectations._docs_decorators"}
{"timestamp":"2026-03-25T22:18:05.525656","level":"info","event":"Skipping registering function DataSourceManager._register_add_or_update_datasource.<locals>.crud_method_info because it is a closure","logger":"great_expectations._docs_decorators"}
{"timestamp":"2026-03-25T22:18:05.525749","level":"info","event":"Skipping registering function DataSourceManager._register_delete_datasource.<locals>.crud_method_info because it is a closure","logger":"great_expectations._docs_decorators"}
{"timestamp":"2026-03-25T22:18:05.527430","level":"info","event":"Skipping registering function DataSourceManager._register_add_datasource.<locals>.crud_method_info because it is a closure","logger":"great_expectations._docs_decorators"}
{"timestamp":"2026-03-25T22:18:05.527526","level":"info","event":"Skipping registering function DataSourceManager._register_update_datasource.<locals>.crud_method_info because it is a closure","logger":"great_expectations._docs_decorators"}
{"timestamp":"2026-03-25T22:18:05.527626","level":"info","event":"Skipping registering function DataSourceManager._register_add_or_update_datasource.<locals>.crud_method_info because it is a closure","logger":"great_expectations._docs_decorators"}
{"timestamp":"2026-03-25T22:18:05.527714","level":"info","event":"Skipping registering function DataSourceManager._register_delete_datasource.<locals>.crud_method_info because it is a closure","logger":"great_expectations._docs_decorators"}
{"timestamp":"2026-03-25T22:18:05.529218","level":"info","event":"Skipping registering function DataSourceManager._register_add_datasource.<locals>.crud_method_info because it is a closure","logger":"great_expectations._docs_decorators"}
{"timestamp":"2026-03-25T22:18:05.529307","level":"info","event":"Skipping registering function DataSourceManager._register_update_datasource.<locals>.crud_method_info because it is a closure","logger":"great_expectations._docs_decorators"}
{"timestamp":"2026-03-25T22:18:05.529356","level":"info","event":"Skipping registering function DataSourceManager._register_add_or_update_datasource.<locals>.crud_method_info because it is a closure","logger":"great_expectations._docs_decorators"}
{"timestamp":"2026-03-25T22:18:05.529443","level":"info","event":"Skipping registering function DataSourceManager._register_delete_datasource.<locals>.crud_method_info because it is a closure","logger":"great_expectations._docs_decorators"}
{"timestamp":"2026-03-25T22:18:05.531071","level":"info","event":"Skipping registering function DataSourceManager._register_add_datasource.<locals>.crud_method_info because it is a closure","logger":"great_expectations._docs_decorators"}
{"timestamp":"2026-03-25T22:18:05.531164","level":"info","event":"Skipping registering function DataSourceManager._register_update_datasource.<locals>.crud_method_info because it is a closure","logger":"great_expectations._docs_decorators"}
{"timestamp":"2026-03-25T22:18:05.531263","level":"info","event":"Skipping registering function DataSourceManager._register_add_or_update_datasource.<locals>.crud_method_info because it is a closure","logger":"great_expectations._docs_decorators"}
{"timestamp":"2026-03-25T22:18:05.531349","level":"info","event":"Skipping registering function DataSourceManager._register_delete_datasource.<locals>.crud_method_info because it is a closure","logger":"great_expectations._docs_decorators"}
{"timestamp":"2026-03-25T22:18:05.548136","level":"info","event":"Multiple declarations of metric table.column_types for engine PandasExecutionEngine.","logger":"great_expectations.expectations.registry"}
{"timestamp":"2026-03-25T22:18:05.548466","level":"info","event":"Multiple declarations of metric table.column_types for engine SparkDFExecutionEngine.","logger":"great_expectations.expectations.registry"}
{"timestamp":"2026-03-25T22:18:05.551401","level":"info","event":"Skipping registering function DataSourceManager._register_add_datasource.<locals>.crud_method_info because it is a closure","logger":"great_expectations._docs_decorators"}
{"timestamp":"2026-03-25T22:18:05.551510","level":"info","event":"Skipping registering function DataSourceManager._register_update_datasource.<locals>.crud_method_info because it is a closure","logger":"great_expectations._docs_decorators"}
{"timestamp":"2026-03-25T22:18:05.551618","level":"info","event":"Skipping registering function DataSourceManager._register_add_or_update_datasource.<locals>.crud_method_info because it is a closure","logger":"great_expectations._docs_decorators"}
{"timestamp":"2026-03-25T22:18:05.551710","level":"info","event":"Skipping registering function DataSourceManager._register_delete_datasource.<locals>.crud_method_info because it is a closure","logger":"great_expectations._docs_decorators"}
{"timestamp":"2026-03-25T22:18:05.554677","level":"info","event":"Skipping registering function DataSourceManager._register_add_datasource.<locals>.crud_method_info because it is a closure","logger":"great_expectations._docs_decorators"}
{"timestamp":"2026-03-25T22:18:05.554777","level":"info","event":"Skipping registering function DataSourceManager._register_update_datasource.<locals>.crud_method_info because it is a closure","logger":"great_expectations._docs_decorators"}
{"timestamp":"2026-03-25T22:18:05.554896","level":"info","event":"Skipping registering function DataSourceManager._register_add_or_update_datasource.<locals>.crud_method_info because it is a closure","logger":"great_expectations._docs_decorators"}
{"timestamp":"2026-03-25T22:18:05.554985","level":"info","event":"Skipping registering function DataSourceManager._register_delete_datasource.<locals>.crud_method_info because it is a closure","logger":"great_expectations._docs_decorators"}
{"timestamp":"2026-03-25T22:18:05.597383","level":"info","event":"Skipping registering function DataSourceManager._bind_asset_factory_method_if_not_present.<locals>._add_asset_factory because it is a closure","logger":"great_expectations._docs_decorators"}
{"timestamp":"2026-03-25T22:18:05.597556","level":"info","event":"Skipping registering function DataSourceManager._bind_asset_factory_method_if_not_present.<locals>._add_asset_factory because it is a closure","logger":"great_expectations._docs_decorators"}
{"timestamp":"2026-03-25T22:18:05.597614","level":"info","event":"Skipping registering function DataSourceManager._bind_asset_factory_method_if_not_present.<locals>._add_asset_factory because it is a closure","logger":"great_expectations._docs_decorators"}
{"timestamp":"2026-03-25T22:18:05.597656","level":"info","event":"Skipping registering function DataSourceManager._bind_asset_factory_method_if_not_present.<locals>._add_asset_factory because it is a closure","logger":"great_expectations._docs_decorators"}
{"timestamp":"2026-03-25T22:18:05.597710","level":"info","event":"Skipping registering function DataSourceManager._bind_asset_factory_method_if_not_present.<locals>._add_asset_factory because it is a closure","logger":"great_expectations._docs_decorators"}
{"timestamp":"2026-03-25T22:18:05.597760","level":"info","event":"Skipping registering function DataSourceManager._bind_asset_factory_method_if_not_present.<locals>._add_asset_factory because it is a closure","logger":"great_expectations._docs_decorators"}
{"timestamp":"2026-03-25T22:18:05.597803","level":"info","event":"Skipping registering function DataSourceManager._bind_asset_factory_method_if_not_present.<locals>._add_asset_factory because it is a closure","logger":"great_expectations._docs_decorators"}
{"timestamp":"2026-03-25T22:18:05.597862","level":"info","event":"Skipping registering function DataSourceManager._bind_asset_factory_method_if_not_present.<locals>._add_asset_factory because it is a closure","logger":"great_expectations._docs_decorators"}
{"timestamp":"2026-03-25T22:18:05.597902","level":"info","event":"Skipping registering function DataSourceManager._bind_asset_factory_method_if_not_present.<locals>._add_asset_factory because it is a closure","logger":"great_expectations._docs_decorators"}
{"timestamp":"2026-03-25T22:18:05.597939","level":"info","event":"Skipping registering function DataSourceManager._bind_asset_factory_method_if_not_present.<locals>._add_asset_factory because it is a closure","logger":"great_expectations._docs_decorators"}
{"timestamp":"2026-03-25T22:18:05.597975","level":"info","event":"Skipping registering function DataSourceManager._bind_asset_factory_method_if_not_present.<locals>._add_asset_factory because it is a closure","logger":"great_expectations._docs_decorators"}
{"timestamp":"2026-03-25T22:18:05.598012","level":"info","event":"Skipping registering function DataSourceManager._bind_asset_factory_method_if_not_present.<locals>._add_asset_factory because it is a closure","logger":"great_expectations._docs_decorators"}
{"timestamp":"2026-03-25T22:18:05.598036","level":"info","event":"Skipping registering function DataSourceManager._register_add_datasource.<locals>.crud_method_info because it is a closure","logger":"great_expectations._docs_decorators"}
{"timestamp":"2026-03-25T22:18:05.598058","level":"info","event":"Skipping registering function DataSourceManager._register_update_datasource.<locals>.crud_method_info because it is a closure","logger":"great_expectations._docs_decorators"}
{"timestamp":"2026-03-25T22:18:05.598078","level":"info","event":"Skipping registering function DataSourceManager._register_add_or_update_datasource.<locals>.crud_method_info because it is a closure","logger":"great_expectations._docs_decorators"}
{"timestamp":"2026-03-25T22:18:05.598098","level":"info","event":"Skipping registering function DataSourceManager._register_delete_datasource.<locals>.crud_method_info because it is a closure","logger":"great_expectations._docs_decorators"}
{"timestamp":"2026-03-25T22:18:05.599830","level":"info","event":"Skipping registering function DataSourceManager._register_add_datasource.<locals>.crud_method_info because it is a closure","logger":"great_expectations._docs_decorators"}
{"timestamp":"2026-03-25T22:18:05.599903","level":"info","event":"Skipping registering function DataSourceManager._register_update_datasource.<locals>.crud_method_info because it is a closure","logger":"great_expectations._docs_decorators"}
{"timestamp":"2026-03-25T22:18:05.600027","level":"info","event":"Skipping registering function DataSourceManager._register_add_or_update_datasource.<locals>.crud_method_info because it is a closure","logger":"great_expectations._docs_decorators"}
{"timestamp":"2026-03-25T22:18:05.600106","level":"info","event":"Skipping registering function DataSourceManager._register_delete_datasource.<locals>.crud_method_info because it is a closure","logger":"great_expectations._docs_decorators"}
{"timestamp":"2026-03-25T22:18:05.602986","level":"info","event":"Skipping registering function DataSourceManager._bind_asset_factory_method_if_not_present.<locals>._add_asset_factory because it is a closure","logger":"great_expectations._docs_decorators"}
{"timestamp":"2026-03-25T22:18:05.603141","level":"info","event":"Skipping registering function DataSourceManager._bind_asset_factory_method_if_not_present.<locals>._add_asset_factory because it is a closure","logger":"great_expectations._docs_decorators"}
{"timestamp":"2026-03-25T22:18:05.603260","level":"info","event":"Skipping registering function DataSourceManager._bind_asset_factory_method_if_not_present.<locals>._add_asset_factory because it is a closure","logger":"great_expectations._docs_decorators"}
{"timestamp":"2026-03-25T22:18:05.603374","level":"info","event":"Skipping registering function DataSourceManager._bind_asset_factory_method_if_not_present.<locals>._add_asset_factory because it is a closure","logger":"great_expectations._docs_decorators"}
{"timestamp":"2026-03-25T22:18:05.603484","level":"info","event":"Skipping registering function DataSourceManager._bind_asset_factory_method_if_not_present.<locals>._add_asset_factory because it is a closure","logger":"great_expectations._docs_decorators"}
{"timestamp":"2026-03-25T22:18:05.603592","level":"info","event":"Skipping registering function DataSourceManager._bind_asset_factory_method_if_not_present.<locals>._add_asset_factory because it is a closure","logger":"great_expectations._docs_decorators"}
{"timestamp":"2026-03-25T22:18:05.603701","level":"info","event":"Skipping registering function DataSourceManager._bind_asset_factory_method_if_not_present.<locals>._add_asset_factory because it is a closure","logger":"great_expectations._docs_decorators"}
{"timestamp":"2026-03-25T22:18:05.603810","level":"info","event":"Skipping registering function DataSourceManager._bind_asset_factory_method_if_not_present.<locals>._add_asset_factory because it is a closure","logger":"great_expectations._docs_decorators"}
{"timestamp":"2026-03-25T22:18:05.603923","level":"info","event":"Skipping registering function DataSourceManager._bind_asset_factory_method_if_not_present.<locals>._add_asset_factory because it is a closure","logger":"great_expectations._docs_decorators"}
{"timestamp":"2026-03-25T22:18:05.604028","level":"info","event":"Skipping registering function DataSourceManager._bind_asset_factory_method_if_not_present.<locals>._add_asset_factory because it is a closure","logger":"great_expectations._docs_decorators"}
{"timestamp":"2026-03-25T22:18:05.604131","level":"info","event":"Skipping registering function DataSourceManager._bind_asset_factory_method_if_not_present.<locals>._add_asset_factory because it is a closure","logger":"great_expectations._docs_decorators"}
{"timestamp":"2026-03-25T22:18:05.604233","level":"info","event":"Skipping registering function DataSourceManager._bind_asset_factory_method_if_not_present.<locals>._add_asset_factory because it is a closure","logger":"great_expectations._docs_decorators"}
{"timestamp":"2026-03-25T22:18:05.604299","level":"info","event":"Skipping registering function DataSourceManager._register_add_datasource.<locals>.crud_method_info because it is a closure","logger":"great_expectations._docs_decorators"}
{"timestamp":"2026-03-25T22:18:05.604384","level":"info","event":"Skipping registering function DataSourceManager._register_update_datasource.<locals>.crud_method_info because it is a closure","logger":"great_expectations._docs_decorators"}
{"timestamp":"2026-03-25T22:18:05.604428","level":"info","event":"Skipping registering function DataSourceManager._register_add_or_update_datasource.<locals>.crud_method_info because it is a closure","logger":"great_expectations._docs_decorators"}
{"timestamp":"2026-03-25T22:18:05.604514","level":"info","event":"Skipping registering function DataSourceManager._register_delete_datasource.<locals>.crud_method_info because it is a closure","logger":"great_expectations._docs_decorators"}
{"timestamp":"2026-03-25T22:18:05.606635","level":"info","event":"Skipping registering function DataSourceManager._bind_asset_factory_method_if_not_present.<locals>._add_asset_factory because it is a closure","logger":"great_expectations._docs_decorators"}
{"timestamp":"2026-03-25T22:18:05.606788","level":"info","event":"Skipping registering function DataSourceManager._bind_asset_factory_method_if_not_present.<locals>._add_asset_factory because it is a closure","logger":"great_expectations._docs_decorators"}
{"timestamp":"2026-03-25T22:18:05.606921","level":"info","event":"Skipping registering function DataSourceManager._bind_asset_factory_method_if_not_present.<locals>._add_asset_factory because it is a closure","logger":"great_expectations._docs_decorators"}
{"timestamp":"2026-03-25T22:18:05.607029","level":"info","event":"Skipping registering function DataSourceManager._bind_asset_factory_method_if_not_present.<locals>._add_asset_factory because it is a closure","logger":"great_expectations._docs_decorators"}
{"timestamp":"2026-03-25T22:18:05.607132","level":"info","event":"Skipping registering function DataSourceManager._bind_asset_factory_method_if_not_present.<locals>._add_asset_factory because it is a closure","logger":"great_expectations._docs_decorators"}
{"timestamp":"2026-03-25T22:18:05.607297","level":"info","event":"Skipping registering function DataSourceManager._bind_asset_factory_method_if_not_present.<locals>._add_asset_factory because it is a closure","logger":"great_expectations._docs_decorators"}
{"timestamp":"2026-03-25T22:18:05.607416","level":"info","event":"Skipping registering function DataSourceManager._bind_asset_factory_method_if_not_present.<locals>._add_asset_factory because it is a closure","logger":"great_expectations._docs_decorators"}
{"timestamp":"2026-03-25T22:18:05.607528","level":"info","event":"Skipping registering function DataSourceManager._bind_asset_factory_method_if_not_present.<locals>._add_asset_factory because it is a closure","logger":"great_expectations._docs_decorators"}
{"timestamp":"2026-03-25T22:18:05.607729","level":"info","event":"Skipping registering function DataSourceManager._bind_asset_factory_method_if_not_present.<locals>._add_asset_factory because it is a closure","logger":"great_expectations._docs_decorators"}
{"timestamp":"2026-03-25T22:18:05.607948","level":"info","event":"Skipping registering function DataSourceManager._bind_asset_factory_method_if_not_present.<locals>._add_asset_factory because it is a closure","logger":"great_expectations._docs_decorators"}
{"timestamp":"2026-03-25T22:18:05.608072","level":"info","event":"Skipping registering function DataSourceManager._bind_asset_factory_method_if_not_present.<locals>._add_asset_factory because it is a closure","logger":"great_expectations._docs_decorators"}
{"timestamp":"2026-03-25T22:18:05.608179","level":"info","event":"Skipping registering function DataSourceManager._bind_asset_factory_method_if_not_present.<locals>._add_asset_factory because it is a closure","logger":"great_expectations._docs_decorators"}
{"timestamp":"2026-03-25T22:18:05.608246","level":"info","event":"Skipping registering function DataSourceManager._register_add_datasource.<locals>.crud_method_info because it is a closure","logger":"great_expectations._docs_decorators"}
{"timestamp":"2026-03-25T22:18:05.608330","level":"info","event":"Skipping registering function DataSourceManager._register_update_datasource.<locals>.crud_method_info because it is a closure","logger":"great_expectations._docs_decorators"}
{"timestamp":"2026-03-25T22:18:05.608386","level":"info","event":"Skipping registering function DataSourceManager._register_add_or_update_datasource.<locals>.crud_method_info because it is a closure","logger":"great_expectations._docs_decorators"}
{"timestamp":"2026-03-25T22:18:05.608535","level":"info","event":"Skipping registering function DataSourceManager._register_delete_datasource.<locals>.crud_method_info because it is a closure","logger":"great_expectations._docs_decorators"}
{"timestamp":"2026-03-25T22:18:05.610630","level":"info","event":"Skipping registering function DataSourceManager._bind_asset_factory_method_if_not_present.<locals>._add_asset_factory because it is a closure","logger":"great_expectations._docs_decorators"}
{"timestamp":"2026-03-25T22:18:05.610785","level":"info","event":"Skipping registering function DataSourceManager._bind_asset_factory_method_if_not_present.<locals>._add_asset_factory because it is a closure","logger":"great_expectations._docs_decorators"}
{"timestamp":"2026-03-25T22:18:05.610916","level":"info","event":"Skipping registering function DataSourceManager._bind_asset_factory_method_if_not_present.<locals>._add_asset_factory because it is a closure","logger":"great_expectations._docs_decorators"}
{"timestamp":"2026-03-25T22:18:05.611017","level":"info","event":"Skipping registering function DataSourceManager._bind_asset_factory_method_if_not_present.<locals>._add_asset_factory because it is a closure","logger":"great_expectations._docs_decorators"}
{"timestamp":"2026-03-25T22:18:05.611061","level":"info","event":"Skipping registering function DataSourceManager._bind_asset_factory_method_if_not_present.<locals>._add_asset_factory because it is a closure","logger":"great_expectations._docs_decorators"}
{"timestamp":"2026-03-25T22:18:05.611101","level":"info","event":"Skipping registering function DataSourceManager._bind_asset_factory_method_if_not_present.<locals>._add_asset_factory because it is a closure","logger":"great_expectations._docs_decorators"}
{"timestamp":"2026-03-25T22:18:05.611147","level":"info","event":"Skipping registering function DataSourceManager._bind_asset_factory_method_if_not_present.<locals>._add_asset_factory because it is a closure","logger":"great_expectations._docs_decorators"}
{"timestamp":"2026-03-25T22:18:05.611192","level":"info","event":"Skipping registering function DataSourceManager._bind_asset_factory_method_if_not_present.<locals>._add_asset_factory because it is a closure","logger":"great_expectations._docs_decorators"}
{"timestamp":"2026-03-25T22:18:05.611228","level":"info","event":"Skipping registering function DataSourceManager._bind_asset_factory_method_if_not_present.<locals>._add_asset_factory because it is a closure","logger":"great_expectations._docs_decorators"}
{"timestamp":"2026-03-25T22:18:05.611264","level":"info","event":"Skipping registering function DataSourceManager._bind_asset_factory_method_if_not_present.<locals>._add_asset_factory because it is a closure","logger":"great_expectations._docs_decorators"}
{"timestamp":"2026-03-25T22:18:05.611300","level":"info","event":"Skipping registering function DataSourceManager._bind_asset_factory_method_if_not_present.<locals>._add_asset_factory because it is a closure","logger":"great_expectations._docs_decorators"}
{"timestamp":"2026-03-25T22:18:05.611334","level":"info","event":"Skipping registering function DataSourceManager._bind_asset_factory_method_if_not_present.<locals>._add_asset_factory because it is a closure","logger":"great_expectations._docs_decorators"}
{"timestamp":"2026-03-25T22:18:05.611359","level":"info","event":"Skipping registering function DataSourceManager._register_add_datasource.<locals>.crud_method_info because it is a closure","logger":"great_expectations._docs_decorators"}
{"timestamp":"2026-03-25T22:18:05.611396","level":"info","event":"Skipping registering function DataSourceManager._register_update_datasource.<locals>.crud_method_info because it is a closure","logger":"great_expectations._docs_decorators"}
{"timestamp":"2026-03-25T22:18:05.611419","level":"info","event":"Skipping registering function DataSourceManager._register_add_or_update_datasource.<locals>.crud_method_info because it is a closure","logger":"great_expectations._docs_decorators"}
{"timestamp":"2026-03-25T22:18:05.611439","level":"info","event":"Skipping registering function DataSourceManager._register_delete_datasource.<locals>.crud_method_info because it is a closure","logger":"great_expectations._docs_decorators"}
{"timestamp":"2026-03-25T22:18:05.611804","level":"info","event":"Multiple declarations of metric column.standard_deviation for engine PandasExecutionEngine.","logger":"great_expectations.expectations.registry"}
{"timestamp":"2026-03-25T22:18:05.611853","level":"info","event":"Multiple declarations of metric column.standard_deviation.aggregate_fn for engine SparkDFExecutionEngine.","logger":"great_expectations.expectations.registry"}
{"timestamp":"2026-03-25T22:18:05.611878","level":"info","event":"Multiple declarations of metric column.standard_deviation for engine SparkDFExecutionEngine.","logger":"great_expectations.expectations.registry"}
{"timestamp":"2026-03-25T22:18:05.616011","level":"info","event":"Skipping registering function DataSourceManager._register_add_datasource.<locals>.crud_method_info because it is a closure","logger":"great_expectations._docs_decorators"}
{"timestamp":"2026-03-25T22:18:05.616082","level":"info","event":"Skipping registering function DataSourceManager._register_update_datasource.<locals>.crud_method_info because it is a closure","logger":"great_expectations._docs_decorators"}
{"timestamp":"2026-03-25T22:18:05.616132","level":"info","event":"Skipping registering function DataSourceManager._register_add_or_update_datasource.<locals>.crud_method_info because it is a closure","logger":"great_expectations._docs_decorators"}
{"timestamp":"2026-03-25T22:18:05.616161","level":"info","event":"Skipping registering function DataSourceManager._register_delete_datasource.<locals>.crud_method_info because it is a closure","logger":"great_expectations._docs_decorators"}
{"timestamp":"2026-03-25T22:18:05.618817","level":"info","event":"Skipping registering function DataSourceManager._register_add_datasource.<locals>.crud_method_info because it is a closure","logger":"great_expectations._docs_decorators"}
{"timestamp":"2026-03-25T22:18:05.618884","level":"info","event":"Skipping registering function DataSourceManager._register_update_datasource.<locals>.crud_method_info because it is a closure","logger":"great_expectations._docs_decorators"}
{"timestamp":"2026-03-25T22:18:05.618918","level":"info","event":"Skipping registering function DataSourceManager._register_add_or_update_datasource.<locals>.crud_method_info because it is a closure","logger":"great_expectations._docs_decorators"}
{"timestamp":"2026-03-25T22:18:05.618941","level":"info","event":"Skipping registering function DataSourceManager._register_delete_datasource.<locals>.crud_method_info because it is a closure","logger":"great_expectations._docs_decorators"}
{"timestamp":"2026-03-25T22:18:05.622120","level":"info","event":"Skipping registering function DataSourceManager._register_add_datasource.<locals>.crud_method_info because it is a closure","logger":"great_expectations._docs_decorators"}
{"timestamp":"2026-03-25T22:18:05.622167","level":"info","event":"Skipping registering function DataSourceManager._register_update_datasource.<locals>.crud_method_info because it is a closure","logger":"great_expectations._docs_decorators"}
{"timestamp":"2026-03-25T22:18:05.622195","level":"info","event":"Skipping registering function DataSourceManager._register_add_or_update_datasource.<locals>.crud_method_info because it is a closure","logger":"great_expectations._docs_decorators"}
{"timestamp":"2026-03-25T22:18:05.622219","level":"info","event":"Skipping registering function DataSourceManager._register_delete_datasource.<locals>.crud_method_info because it is a closure","logger":"great_expectations._docs_decorators"}
{"timestamp":"2026-03-25T22:18:05.768359Z","level":"info","event":"Raw data cleared","chan":"stdout","logger":"task"}
{"timestamp":"2026-03-25T22:18:05.752332","level":"info","event":"Done. Returned value was: None","logger":"airflow.task.operators.airflow.providers.standard.operators.python.PythonOperator"}
